# JRE version: OpenJDK Runtime Environment (8.0_242-b01) (build 1.8.0_242-release-1644-b01)
# Java VM: OpenJDK 64-Bit Server VM (25.242-b01 mixed mode windows-amd64 compressed oops)
Heap:
 PSYoungGen      total 615424K, used 287953K [0x00000000d5580000, 0x0000000100000000, 0x0000000100000000)
  eden space 568832K, 42% used [0x00000000d5580000,0x00000000e4139980,0x00000000f8100000)
  from space 46592K, 99% used [0x00000000fd080000,0x00000000ffdfac58,0x00000000ffe00000)
  to   space 65024K, 0% used [0x00000000f8100000,0x00000000f8100000,0x00000000fc080000)
 ParOldGen       total 191488K, used 126229K [0x0000000080000000, 0x000000008bb00000, 0x00000000d5580000)
  object space 191488K, 65% used [0x0000000080000000,0x0000000087b457a0,0x000000008bb00000)
 Metaspace       used 115265K, capacity 121980K, committed 122392K, reserved 1155072K
  class space    used 14964K, capacity 16265K, committed 16432K, reserved 1048576K
GC Heap History (10 events):
Event: 1115.678 GC heap before
{Heap before GC invocations=25 (full 4):
 PSYoungGen      total 648192K, used 637481K [0x00000000d5580000, 0x0000000100000000, 0x0000000100000000)
  eden space 603648K, 100% used [0x00000000d5580000,0x00000000fa300000,0x00000000fa300000)
  from space 44544K, 75% used [0x00000000fd480000,0x00000000ff58a6a8,0x0000000100000000)
  to   space 47616K, 0% used [0x00000000fa300000,0x00000000fa300000,0x00000000fd180000)
 ParOldGen       total 156160K, used 110469K [0x0000000080000000, 0x0000000089880000, 0x00000000d5580000)
  object space 156160K, 70% used [0x0000000080000000,0x0000000086be1680,0x0000000089880000)
 Metaspace       used 111527K, capacity 118498K, committed 118680K, reserved 1153024K
  class space    used 14567K, capacity 15924K, committed 16048K, reserved 1048576K
Event: 1115.713 GC heap after
Heap after GC invocations=25 (full 4):
 PSYoungGen      total 631296K, used 27567K [0x00000000d5580000, 0x0000000100000000, 0x0000000100000000)
  eden space 603648K, 0% used [0x00000000d5580000,0x00000000d5580000,0x00000000fa300000)
  from space 27648K, 99% used [0x00000000fa300000,0x00000000fbdebc18,0x00000000fbe00000)
  to   space 48128K, 0% used [0x00000000fd100000,0x00000000fd100000,0x0000000100000000)
 ParOldGen       total 156160K, used 117190K [0x0000000080000000, 0x0000000089880000, 0x00000000d5580000)
  object space 156160K, 75% used [0x0000000080000000,0x00000000872719d8,0x0000000089880000)
 Metaspace       used 111527K, capacity 118498K, committed 118680K, reserved 1153024K
  class space    used 14567K, capacity 15924K, committed 16048K, reserved 1048576K
}
Event: 1116.600 GC heap before
{Heap before GC invocations=26 (full 4):
 PSYoungGen      total 631296K, used 631215K [0x00000000d5580000, 0x0000000100000000, 0x0000000100000000)
  eden space 603648K, 100% used [0x00000000d5580000,0x00000000fa300000,0x00000000fa300000)
  from space 27648K, 99% used [0x00000000fa300000,0x00000000fbdebc18,0x00000000fbe00000)
  to   space 48128K, 0% used [0x00000000fd100000,0x00000000fd100000,0x0000000100000000)
 ParOldGen       total 156160K, used 117190K [0x0000000080000000, 0x0000000089880000, 0x00000000d5580000)
  object space 156160K, 75% used [0x0000000080000000,0x00000000872719d8,0x0000000089880000)
 Metaspace       used 111644K, capacity 118652K, committed 118936K, reserved 1153024K
  class space    used 14569K, capacity 15927K, committed 16048K, reserved 1048576K
Event: 1116.637 GC heap after
Heap after GC invocations=26 (full 4):
 PSYoungGen      total 651776K, used 9179K [0x00000000d5580000, 0x0000000100000000, 0x0000000100000000)
  eden space 603648K, 0% used [0x00000000d5580000,0x00000000d5580000,0x00000000fa300000)
  from space 48128K, 19% used [0x00000000fd100000,0x00000000fd9f6f90,0x0000000100000000)
  to   space 47104K, 0% used [0x00000000fa300000,0x00000000fa300000,0x00000000fd100000)
 ParOldGen       total 156160K, used 133574K [0x0000000080000000, 0x0000000089880000, 0x00000000d5580000)
  object space 156160K, 85% used [0x0000000080000000,0x0000000088271b88,0x0000000089880000)
 Metaspace       used 111644K, capacity 118652K, committed 118936K, reserved 1153024K
  class space    used 14569K, capacity 15927K, committed 16048K, reserved 1048576K
}
Event: 1116.637 GC heap before
{Heap before GC invocations=27 (full 5):
 PSYoungGen      total 651776K, used 9179K [0x00000000d5580000, 0x0000000100000000, 0x0000000100000000)
  eden space 603648K, 0% used [0x00000000d5580000,0x00000000d5580000,0x00000000fa300000)
  from space 48128K, 19% used [0x00000000fd100000,0x00000000fd9f6f90,0x0000000100000000)
  to   space 47104K, 0% used [0x00000000fa300000,0x00000000fa300000,0x00000000fd100000)
 ParOldGen       total 156160K, used 133574K [0x0000000080000000, 0x0000000089880000, 0x00000000d5580000)
  object space 156160K, 85% used [0x0000000080000000,0x0000000088271b88,0x0000000089880000)
 Metaspace       used 111644K, capacity 118652K, committed 118936K, reserved 1153024K
  class space    used 14569K, capacity 15927K, committed 16048K, reserved 1048576K
Event: 1116.922 GC heap after
Heap after GC invocations=27 (full 5):
 PSYoungGen      total 651776K, used 0K [0x00000000d5580000, 0x0000000100000000, 0x0000000100000000)
  eden space 603648K, 0% used [0x00000000d5580000,0x00000000d5580000,0x00000000fa300000)
  from space 48128K, 0% used [0x00000000fd100000,0x00000000fd100000,0x0000000100000000)
  to   space 47104K, 0% used [0x00000000fa300000,0x00000000fa300000,0x00000000fd100000)
 ParOldGen       total 191488K, used 97098K [0x0000000080000000, 0x000000008bb00000, 0x00000000d5580000)
  object space 191488K, 50% used [0x0000000080000000,0x0000000085ed2940,0x000000008bb00000)
 Metaspace       used 111259K, capacity 117572K, committed 118936K, reserved 1153024K
  class space    used 14437K, capacity 15697K, committed 16048K, reserved 1048576K
}
Event: 1118.066 GC heap before
{Heap before GC invocations=28 (full 5):
 PSYoungGen      total 651776K, used 603648K [0x00000000d5580000, 0x0000000100000000, 0x0000000100000000)
  eden space 603648K, 100% used [0x00000000d5580000,0x00000000fa300000,0x00000000fa300000)
  from space 48128K, 0% used [0x00000000fd100000,0x00000000fd100000,0x0000000100000000)
  to   space 47104K, 0% used [0x00000000fa300000,0x00000000fa300000,0x00000000fd100000)
 ParOldGen       total 191488K, used 97098K [0x0000000080000000, 0x000000008bb00000, 0x00000000d5580000)
  object space 191488K, 50% used [0x0000000080000000,0x0000000085ed2940,0x000000008bb00000)
 Metaspace       used 111271K, capacity 117594K, committed 118936K, reserved 1153024K
  class space    used 14438K, capacity 15698K, committed 16048K, reserved 1048576K
Event: 1118.081 GC heap after
Heap after GC invocations=28 (full 5):
 PSYoungGen      total 610304K, used 6208K [0x00000000d5580000, 0x00000000ffe00000, 0x0000000100000000)
  eden space 603648K, 0% used [0x00000000d5580000,0x00000000d5580000,0x00000000fa300000)
  from space 6656K, 93% used [0x00000000fa300000,0x00000000fa9102a0,0x00000000fa980000)
  to   space 46592K, 0% used [0x00000000fd080000,0x00000000fd080000,0x00000000ffe00000)
 ParOldGen       total 191488K, used 97098K [0x0000000080000000, 0x000000008bb00000, 0x00000000d5580000)
  object space 191488K, 50% used [0x0000000080000000,0x0000000085ed2940,0x000000008bb00000)
 Metaspace       used 111271K, capacity 117594K, committed 118936K, reserved 1153024K
  class space    used 14438K, capacity 15698K, committed 16048K, reserved 1048576K
}
Event: 1121.826 GC heap before
{Heap before GC invocations=29 (full 5):
 PSYoungGen      total 610304K, used 609856K [0x00000000d5580000, 0x00000000ffe00000, 0x0000000100000000)
  eden space 603648K, 100% used [0x00000000d5580000,0x00000000fa300000,0x00000000fa300000)
  from space 6656K, 93% used [0x00000000fa300000,0x00000000fa9102a0,0x00000000fa980000)
  to   space 46592K, 0% used [0x00000000fd080000,0x00000000fd080000,0x00000000ffe00000)
 ParOldGen       total 191488K, used 97098K [0x0000000080000000, 0x000000008bb00000, 0x00000000d5580000)
  object space 191488K, 50% used [0x0000000080000000,0x0000000085ed2940,0x000000008bb00000)
 Metaspace       used 112625K, capacity 119122K, committed 119960K, reserved 1153024K
  class space    used 14575K, capacity 15838K, committed 16048K, reserved 1048576K
Event: 1121.920 GC heap after
Heap after GC invocations=29 (full 5):
 PSYoungGen      total 615424K, used 46571K [0x00000000d5580000, 0x0000000100000000, 0x0000000100000000)
  eden space 568832K, 0% used [0x00000000d5580000,0x00000000d5580000,0x00000000f8100000)
  from space 46592K, 99% used [0x00000000fd080000,0x00000000ffdfac58,0x00000000ffe00000)
  to   space 65024K, 0% used [0x00000000f8100000,0x00000000f8100000,0x00000000fc080000)
 ParOldGen       total 191488K, used 126229K [0x0000000080000000, 0x000000008bb00000, 0x00000000d5580000)
  object space 191488K, 65% used [0x0000000080000000,0x0000000087b457a0,0x000000008bb00000)
 Metaspace       used 112625K, capacity 119122K, committed 119960K, reserved 1153024K
  class space    used 14575K, capacity 15838K, committed 16048K, reserved 1048576K
}

